<?xml version="1.0" encoding="UTF-8"?>
<testsuites name="Suite01_LoginHrManagement" time="31.516" tests="1" failures="0" errors="0">
   <testsuite name="Suite01_LoginHrManagement" tests="1" failures="0" errors="0" time="31.516" skipped="0" timestamp="03-03-2024T14:22:57" hostname="YH743DF - IN3106855W3.ey.net" id="Test Suites/Suite01_LoginHrManagement">
      <properties>
         <property name="deviceName" value=""/>
         <property name="devicePlatform" value=""/>
         <property name="logFolder" value="C:\\Users\\YH743DF\\git\\KatalonCertification03\\Reports\\20240303_142251\\Suite01_LoginHrManagement\\20240303_142251"/>
         <property name="logFiles" value="C:\\Users\\YH743DF\\git\\KatalonCertification03\\Reports\\20240303_142251\\Suite01_LoginHrManagement\\20240303_142251\\execution0.log"/>
         <property name="attachments" value=""/>
         <property name="hostName" value="YH743DF - IN3106855W3.ey.net"/>
         <property name="os" value="Windows 10 64bit"/>
         <property name="katalonVersion" value="9.3.1.212"/>
         <property name="browser" value="Edge Chromium 122"/>
         <property name="hostAddress" value="192.168.0.70"/>
         <property name="sessionId" value="f46e00bd01ef9053084aa43e610f8519"/>
         <property name="seleniumVersion" value="3.141.59"/>
         <property name="proxyInformation" value="ProxyInformation { proxyOption=NO_PROXY, proxyServerType=HTTP, username=, password=********, proxyServerAddress=, proxyServerPort=0, executionList=&quot;&quot;, isApplyToDesiredCapabilities=true }"/>
         <property name="platform" value="Windows 10"/>
      </properties>
      <testcase name="Test Cases/TC01_LoginHrManagement" time="31.202" classname="Test Cases/TC01_LoginHrManagement" status="PASSED">
         <system-out><![CDATA[03-03-2024T14:22:58 - [TEST_CASE][PASSED] - Test Cases/TC01_LoginHrManagement: Test Cases/TC01_LoginHrManagement

03-03-2024T14:22:58 - [TEST_STEP][PASSED] - openBrowser(""): Browser is opened with url: ''

03-03-2024T14:22:59 - [MESSAGE][INFO] - Starting 'Edge Chromium' driver

03-03-2024T14:23:02 - [MESSAGE][INFO] - Action delay is set to 0 milliseconds

03-03-2024T14:23:05 - [MESSAGE][PASSED] - Browser is opened with url: ''

03-03-2024T14:23:05 - [TEST_STEP][PASSED] - navigateToUrl("https://opensource-demo.orangehrmlive.com/web/index.php/auth/login"): Navigate to 'https://opensource-demo.orangehrmlive.com/web/index.php/auth/login' successfully

03-03-2024T14:23:15 - [MESSAGE][PASSED] - Navigate to 'https://opensource-demo.orangehrmlive.com/web/index.php/auth/login' successfully

03-03-2024T14:23:15 - [TEST_STEP][PASSED] - setText(findTestObject("Object Repository/Page_OrangeHRM/input_Username_username"), "Admin"): Text 'Admin' is set on object 'Object Repository/Page_OrangeHRM/input_Username_username'

03-03-2024T14:23:17 - [MESSAGE][PASSED] - Text 'Admin' is set on object 'Object Repository/Page_OrangeHRM/input_Username_username'

03-03-2024T14:23:17 - [TEST_STEP][PASSED] - setEncryptedText(findTestObject("Object Repository/Page_OrangeHRM/input_Password_password"), "hUKwJTbofgPU9eVlw/CnDQ=="): Text ****** has been set on object 'Object Repository/Page_OrangeHRM/input_Password_password'

03-03-2024T14:23:17 - [MESSAGE][PASSED] - Text ****** has been set on object 'Object Repository/Page_OrangeHRM/input_Password_password'

03-03-2024T14:23:17 - [TEST_STEP][PASSED] - click(findTestObject("Object Repository/Page_OrangeHRM/button_Login")): Object: 'Object Repository/Page_OrangeHRM/button_Login' is clicked on

03-03-2024T14:23:18 - [MESSAGE][PASSED] - Object: 'Object Repository/Page_OrangeHRM/button_Login' is clicked on

03-03-2024T14:23:18 - [TEST_STEP][PASSED] - verifyElementText(findTestObject("Object Repository/Page_OrangeHRM/p_Bob Tester"), "Bob Tester"): Actual text and expected text of test object 'Object Repository/Page_OrangeHRM/p_Bob Tester' are matched.

03-03-2024T14:23:28 - [MESSAGE][PASSED] - Actual text and expected text of test object 'Object Repository/Page_OrangeHRM/p_Bob Tester' are matched.

03-03-2024T14:23:28 - [TEST_STEP][PASSED] - closeBrowser(): Browser is closed

03-03-2024T14:23:29 - [MESSAGE][PASSED] - Browser is closed]]></system-out>
         <system-err><![CDATA[]]></system-err>
      </testcase>
      <system-out><![CDATA[03-03-2024T14:22:57 - [TEST_SUITE][PASSED] - Suite01_LoginHrManagement: Test Cases/TC01_LoginHrManagement]]></system-out>
      <system-err><![CDATA[]]></system-err>
   </testsuite>
</testsuites>
