<?xml version="1.0" encoding="UTF-8"?>
<testsuites name="Suite100_seleniumElementAutomation" time="247.173" tests="1" failures="0" errors="0">
   <testsuite name="Suite100_seleniumElementAutomation" tests="1" failures="0" errors="0" time="247.173" skipped="0" timestamp="09-03-2024T10:45:21" hostname="YH743DF - IN3106855W3.ey.net" id="Test Suites/Suite100_seleniumElementAutomation">
      <properties>
         <property name="deviceName" value=""/>
         <property name="devicePlatform" value=""/>
         <property name="logFolder" value="C:\\Users\\YH743DF\\git\\KatalonCertification03\\Reports\\20240309_104503\\Suite100_seleniumElementAutomation\\20240309_104503"/>
         <property name="logFiles" value="C:\\Users\\YH743DF\\git\\KatalonCertification03\\Reports\\20240309_104503\\Suite100_seleniumElementAutomation\\20240309_104503\\execution0.log"/>
         <property name="attachments" value=""/>
         <property name="hostName" value="YH743DF - IN3106855W3.ey.net"/>
         <property name="os" value="Windows 10 64bit"/>
         <property name="katalonVersion" value="9.3.1.212"/>
         <property name="browser" value="Edge Chromium 122"/>
         <property name="hostAddress" value="192.168.0.70"/>
         <property name="sessionId" value="6b8b3259096a527bfc85180fe3720612"/>
         <property name="seleniumVersion" value="3.141.59"/>
         <property name="proxyInformation" value="ProxyInformation { proxyOption=NO_PROXY, proxyServerType=HTTP, username=, password=********, proxyServerAddress=, proxyServerPort=0, executionList=&quot;&quot;, isApplyToDesiredCapabilities=true }"/>
         <property name="platform" value="Windows 10"/>
      </properties>
      <testcase name="Test Cases/TC100_seleniumElementAutomation" time="246.768" classname="Test Cases/TC100_seleniumElementAutomation" status="PASSED">
         <system-out><![CDATA[09-03-2024T10:45:21 - [TEST_CASE][PASSED] - Test Cases/TC100_seleniumElementAutomation: Test Cases/TC100_seleniumElementAutomation

09-03-2024T10:45:22 - [TEST_STEP][PASSED] - openBrowser(""): Browser is opened with url: ''

09-03-2024T10:45:22 - [MESSAGE][INFO] - Starting 'Edge Chromium' driver

09-03-2024T10:45:25 - [MESSAGE][INFO] - Action delay is set to 0 milliseconds

09-03-2024T10:45:28 - [MESSAGE][PASSED] - Browser is opened with url: ''

09-03-2024T10:45:28 - [TEST_STEP][PASSED] - navigateToUrl("https://demoqa.com/"): Navigate to 'https://demoqa.com/' successfully

09-03-2024T10:49:21 - [MESSAGE][PASSED] - Navigate to 'https://demoqa.com/' successfully

09-03-2024T10:49:21 - [TEST_STEP][PASSED] - click(findTestObject("Object Repository/Page_DEMOQA/svg")): Object: 'Object Repository/Page_DEMOQA/svg' is clicked on

09-03-2024T10:49:22 - [MESSAGE][PASSED] - Object: 'Object Repository/Page_DEMOQA/svg' is clicked on

09-03-2024T10:49:22 - [TEST_STEP][PASSED] - click(findTestObject("Object Repository/Page_DEMOQA/span_Text Box")): Object: 'Object Repository/Page_DEMOQA/span_Text Box' is clicked on

09-03-2024T10:49:26 - [MESSAGE][PASSED] - Object: 'Object Repository/Page_DEMOQA/span_Text Box' is clicked on

09-03-2024T10:49:26 - [TEST_STEP][PASSED] - setText(findTestObject("Object Repository/Page_DEMOQA/input_Full Name_userName"), ""): Text '' is set on object 'Object Repository/Page_DEMOQA/input_Full Name_userName'

09-03-2024T10:49:27 - [MESSAGE][PASSED] - Text '' is set on object 'Object Repository/Page_DEMOQA/input_Full Name_userName'

09-03-2024T10:49:27 - [TEST_STEP][PASSED] - verifyElementText(findTestObject("Object Repository/Page_DEMOQA/label_Full Name"), "Full Name"): Actual text and expected text of test object 'Object Repository/Page_DEMOQA/label_Full Name' are matched.

09-03-2024T10:49:28 - [MESSAGE][PASSED] - Actual text and expected text of test object 'Object Repository/Page_DEMOQA/label_Full Name' are matched.]]></system-out>
         <system-err><![CDATA[]]></system-err>
      </testcase>
      <system-out><![CDATA[09-03-2024T10:45:21 - [TEST_SUITE][PASSED] - Suite100_seleniumElementAutomation: Test Cases/TC100_seleniumElementAutomation]]></system-out>
      <system-err><![CDATA[]]></system-err>
   </testsuite>
</testsuites>
