<?xml version="1.0" encoding="UTF-8"?>
<testsuites name="Suite03_PimOperation" time="83.118" tests="1" failures="0" errors="0">
   <testsuite name="Suite03_PimOperation" tests="1" failures="0" errors="0" time="83.118" skipped="0" timestamp="03-03-2024T14:45:25" hostname="YH743DF - IN3106855W3.ey.net" id="Test Suites/Suite03_PimOperation">
      <properties>
         <property name="deviceName" value=""/>
         <property name="devicePlatform" value=""/>
         <property name="logFolder" value="C:\\Users\\YH743DF\\git\\KatalonCertification03\\Reports\\20240303_144518\\Suite03_PimOperation\\20240303_144518"/>
         <property name="logFiles" value="C:\\Users\\YH743DF\\git\\KatalonCertification03\\Reports\\20240303_144518\\Suite03_PimOperation\\20240303_144518\\execution0.log"/>
         <property name="attachments" value=""/>
         <property name="hostName" value="YH743DF - IN3106855W3.ey.net"/>
         <property name="os" value="Windows 10 64bit"/>
         <property name="katalonVersion" value="9.3.1.212"/>
         <property name="browser" value="Edge Chromium 122"/>
         <property name="hostAddress" value="192.168.0.70"/>
         <property name="sessionId" value="77bb1da98a32c1bb5ea43989dfe4372d"/>
         <property name="seleniumVersion" value="3.141.59"/>
         <property name="proxyInformation" value="ProxyInformation { proxyOption=NO_PROXY, proxyServerType=HTTP, username=, password=********, proxyServerAddress=, proxyServerPort=0, executionList=&quot;&quot;, isApplyToDesiredCapabilities=true }"/>
         <property name="platform" value="Windows 10"/>
      </properties>
      <testcase name="Test Cases/TC03_PimOperation" time="82.597" classname="Test Cases/TC03_PimOperation" status="PASSED">
         <system-out><![CDATA[03-03-2024T14:45:25 - [TEST_CASE][PASSED] - Test Cases/TC03_PimOperation: Test Cases/TC03_PimOperation

03-03-2024T14:45:26 - [TEST_STEP][PASSED] - openBrowser(""): Browser is opened with url: ''

03-03-2024T14:45:26 - [MESSAGE][INFO] - Starting 'Edge Chromium' driver

03-03-2024T14:45:30 - [MESSAGE][INFO] - Action delay is set to 0 milliseconds

03-03-2024T14:45:35 - [MESSAGE][PASSED] - Browser is opened with url: ''

03-03-2024T14:45:35 - [TEST_STEP][PASSED] - navigateToUrl("https://opensource-demo.orangehrmlive.com/web/index.php/auth/login"): Navigate to 'https://opensource-demo.orangehrmlive.com/web/index.php/auth/login' successfully

03-03-2024T14:45:43 - [MESSAGE][PASSED] - Navigate to 'https://opensource-demo.orangehrmlive.com/web/index.php/auth/login' successfully

03-03-2024T14:45:43 - [TEST_STEP][PASSED] - setText(findTestObject("Object Repository/Page_OrangeHRM/input_Username_username (2)"), "Admin"): Text 'Admin' is set on object 'Object Repository/Page_OrangeHRM/input_Username_username (2)'

03-03-2024T14:45:46 - [MESSAGE][PASSED] - Text 'Admin' is set on object 'Object Repository/Page_OrangeHRM/input_Username_username (2)'

03-03-2024T14:45:46 - [TEST_STEP][PASSED] - setEncryptedText(findTestObject("Object Repository/Page_OrangeHRM/input_Password_password (2)"), "hUKwJTbofgPU9eVlw/CnDQ=="): Text ****** has been set on object 'Object Repository/Page_OrangeHRM/input_Password_password (2)'

03-03-2024T14:45:47 - [MESSAGE][PASSED] - Text ****** has been set on object 'Object Repository/Page_OrangeHRM/input_Password_password (2)'

03-03-2024T14:45:47 - [TEST_STEP][PASSED] - click(findTestObject("Object Repository/Page_OrangeHRM/button_Login (2)")): Object: 'Object Repository/Page_OrangeHRM/button_Login (2)' is clicked on

03-03-2024T14:45:51 - [MESSAGE][PASSED] - Object: 'Object Repository/Page_OrangeHRM/button_Login (2)' is clicked on

03-03-2024T14:45:51 - [TEST_STEP][PASSED] - click(findTestObject("Object Repository/Page_OrangeHRM/a_PIM")): Object: 'Object Repository/Page_OrangeHRM/a_PIM' is clicked on

03-03-2024T14:46:01 - [MESSAGE][PASSED] - Object: 'Object Repository/Page_OrangeHRM/a_PIM' is clicked on

03-03-2024T14:46:01 - [TEST_STEP][PASSED] - click(findTestObject("Object Repository/Page_OrangeHRM/button_Add")): Object: 'Object Repository/Page_OrangeHRM/button_Add' is clicked on

03-03-2024T14:46:07 - [MESSAGE][PASSED] - Object: 'Object Repository/Page_OrangeHRM/button_Add' is clicked on

03-03-2024T14:46:07 - [TEST_STEP][PASSED] - setText(findTestObject("Object Repository/Page_OrangeHRM/input_Employee Full Name_firstName"), "Suman"): Text 'Suman' is set on object 'Object Repository/Page_OrangeHRM/input_Employee Full Name_firstName'

03-03-2024T14:46:09 - [MESSAGE][PASSED] - Text 'Suman' is set on object 'Object Repository/Page_OrangeHRM/input_Employee Full Name_firstName'

03-03-2024T14:46:09 - [TEST_STEP][PASSED] - setText(findTestObject("Object Repository/Page_OrangeHRM/input_Employee Full Name_lastName"), "Kumar"): Text 'Kumar' is set on object 'Object Repository/Page_OrangeHRM/input_Employee Full Name_lastName'

03-03-2024T14:46:10 - [MESSAGE][PASSED] - Text 'Kumar' is set on object 'Object Repository/Page_OrangeHRM/input_Employee Full Name_lastName'

03-03-2024T14:46:10 - [TEST_STEP][PASSED] - setText(findTestObject("Object Repository/Page_OrangeHRM/input_Employee Id_oxd-input oxd-input--active"), "0330"): Text '0330' is set on object 'Object Repository/Page_OrangeHRM/input_Employee Id_oxd-input oxd-input--active'

03-03-2024T14:46:11 - [MESSAGE][PASSED] - Text '0330' is set on object 'Object Repository/Page_OrangeHRM/input_Employee Id_oxd-input oxd-input--active'

03-03-2024T14:46:11 - [TEST_STEP][PASSED] - setText(findTestObject("Object Repository/Page_OrangeHRM/input_Employee Id_oxd-input oxd-input--focus"), "10000123"): Text '10000123' is set on object 'Object Repository/Page_OrangeHRM/input_Employee Id_oxd-input oxd-input--focus'

03-03-2024T14:46:12 - [MESSAGE][PASSED] - Text '10000123' is set on object 'Object Repository/Page_OrangeHRM/input_Employee Id_oxd-input oxd-input--focus'

03-03-2024T14:46:12 - [TEST_STEP][PASSED] - click(findTestObject("Object Repository/Page_OrangeHRM/span_Employee Id_oxd-switch-input oxd-switc_efe210")): Object: 'Object Repository/Page_OrangeHRM/span_Employee Id_oxd-switch-input oxd-switc_efe210' is clicked on

03-03-2024T14:46:12 - [MESSAGE][PASSED] - Object: 'Object Repository/Page_OrangeHRM/span_Employee Id_oxd-switch-input oxd-switc_efe210' is clicked on

03-03-2024T14:46:12 - [TEST_STEP][PASSED] - click(findTestObject("Object Repository/Page_OrangeHRM/span_Employee Id_oxd-switch-input oxd-switc_efe210")): Object: 'Object Repository/Page_OrangeHRM/span_Employee Id_oxd-switch-input oxd-switc_efe210' is clicked on

03-03-2024T14:46:14 - [MESSAGE][PASSED] - Object: 'Object Repository/Page_OrangeHRM/span_Employee Id_oxd-switch-input oxd-switc_efe210' is clicked on

03-03-2024T14:46:14 - [TEST_STEP][PASSED] - click(findTestObject("Object Repository/Page_OrangeHRM/button_Save (1)")): Object: 'Object Repository/Page_OrangeHRM/button_Save (1)' is clicked on

03-03-2024T14:46:14 - [MESSAGE][PASSED] - Object: 'Object Repository/Page_OrangeHRM/button_Save (1)' is clicked on

03-03-2024T14:46:14 - [TEST_STEP][PASSED] - verifyElementText(findTestObject("Object Repository/Page_OrangeHRM/h6_Suman Kumar"), "Suman Kumar"): Actual text and expected text of test object 'Object Repository/Page_OrangeHRM/h6_Suman Kumar' are matched.

03-03-2024T14:46:46 - [MESSAGE][PASSED] - Actual text and expected text of test object 'Object Repository/Page_OrangeHRM/h6_Suman Kumar' are matched.

03-03-2024T14:46:46 - [TEST_STEP][PASSED] - closeBrowser(): Browser is closed

03-03-2024T14:46:48 - [MESSAGE][PASSED] - Browser is closed]]></system-out>
         <system-err><![CDATA[]]></system-err>
      </testcase>
      <system-out><![CDATA[03-03-2024T14:45:25 - [TEST_SUITE][PASSED] - Suite03_PimOperation: Test Cases/TC03_PimOperation]]></system-out>
      <system-err><![CDATA[]]></system-err>
   </testsuite>
</testsuites>
