<?xml version="1.0" encoding="UTF-8"?>
<testsuites name="Suite04_TimeOperation" time="53.723" tests="1" failures="0" errors="0">
   <testsuite name="Suite04_TimeOperation" tests="1" failures="0" errors="0" time="53.723" skipped="0" timestamp="03-03-2024T14:59:59" hostname="YH743DF - IN3106855W3.ey.net" id="Test Suites/Suite04_TimeOperation">
      <properties>
         <property name="deviceName" value=""/>
         <property name="devicePlatform" value=""/>
         <property name="logFolder" value="C:\\Users\\YH743DF\\git\\KatalonCertification03\\Reports\\20240303_145952\\Suite04_TimeOperation\\20240303_145952"/>
         <property name="logFiles" value="C:\\Users\\YH743DF\\git\\KatalonCertification03\\Reports\\20240303_145952\\Suite04_TimeOperation\\20240303_145952\\execution0.log"/>
         <property name="attachments" value=""/>
         <property name="hostName" value="YH743DF - IN3106855W3.ey.net"/>
         <property name="os" value="Windows 10 64bit"/>
         <property name="katalonVersion" value="9.3.1.212"/>
         <property name="browser" value="Edge Chromium 122"/>
         <property name="hostAddress" value="192.168.0.70"/>
         <property name="sessionId" value="908eb38e85650254941fa6161bb9c250"/>
         <property name="seleniumVersion" value="3.141.59"/>
         <property name="proxyInformation" value="ProxyInformation { proxyOption=NO_PROXY, proxyServerType=HTTP, username=, password=********, proxyServerAddress=, proxyServerPort=0, executionList=&quot;&quot;, isApplyToDesiredCapabilities=true }"/>
         <property name="platform" value="Windows 10"/>
      </properties>
      <testcase name="Test Cases/TC04_TimeOperation" time="53.468" classname="Test Cases/TC04_TimeOperation" status="PASSED">
         <system-out><![CDATA[03-03-2024T14:59:59 - [TEST_CASE][PASSED] - Test Cases/TC04_TimeOperation: Test Cases/TC04_TimeOperation

03-03-2024T14:59:59 - [TEST_STEP][PASSED] - openBrowser(""): Browser is opened with url: ''

03-03-2024T15:00:00 - [MESSAGE][INFO] - Starting 'Edge Chromium' driver

03-03-2024T15:00:03 - [MESSAGE][INFO] - Action delay is set to 0 milliseconds

03-03-2024T15:00:07 - [MESSAGE][PASSED] - Browser is opened with url: ''

03-03-2024T15:00:07 - [TEST_STEP][PASSED] - navigateToUrl("https://opensource-demo.orangehrmlive.com/web/index.php/auth/login"): Navigate to 'https://opensource-demo.orangehrmlive.com/web/index.php/auth/login' successfully

03-03-2024T15:00:32 - [MESSAGE][PASSED] - Navigate to 'https://opensource-demo.orangehrmlive.com/web/index.php/auth/login' successfully

03-03-2024T15:00:32 - [TEST_STEP][PASSED] - setText(findTestObject("Object Repository/Page_OrangeHRM/input_Username_username (3)"), "Admin"): Text 'Admin' is set on object 'Object Repository/Page_OrangeHRM/input_Username_username (3)'

03-03-2024T15:00:34 - [MESSAGE][PASSED] - Text 'Admin' is set on object 'Object Repository/Page_OrangeHRM/input_Username_username (3)'

03-03-2024T15:00:34 - [TEST_STEP][PASSED] - setEncryptedText(findTestObject("Object Repository/Page_OrangeHRM/input_Password_password (3)"), "NHDoOI2n465h6BZy9GK9+g=="): Text ****** has been set on object 'Object Repository/Page_OrangeHRM/input_Password_password (3)'

03-03-2024T15:00:35 - [MESSAGE][PASSED] - Text ****** has been set on object 'Object Repository/Page_OrangeHRM/input_Password_password (3)'

03-03-2024T15:00:35 - [TEST_STEP][PASSED] - click(findTestObject("Object Repository/Page_OrangeHRM/div_LoginUsername  AdminPassword  admin123U_880e7e")): Object: 'Object Repository/Page_OrangeHRM/div_LoginUsername  AdminPassword  admin123U_880e7e' is clicked on

03-03-2024T15:00:35 - [MESSAGE][PASSED] - Object: 'Object Repository/Page_OrangeHRM/div_LoginUsername  AdminPassword  admin123U_880e7e' is clicked on

03-03-2024T15:00:35 - [TEST_STEP][PASSED] - doubleClick(findTestObject("Object Repository/Page_OrangeHRM/div_LoginUsername  AdminPassword  admin123U_880e7e")): Object: 'Object Repository/Page_OrangeHRM/div_LoginUsername  AdminPassword  admin123U_880e7e' is double clicked on

03-03-2024T15:00:36 - [MESSAGE][PASSED] - Object: 'Object Repository/Page_OrangeHRM/div_LoginUsername  AdminPassword  admin123U_880e7e' is double clicked on

03-03-2024T15:00:36 - [TEST_STEP][PASSED] - setEncryptedText(findTestObject("Object Repository/Page_OrangeHRM/input_Password_password (3)"), "/5S6MFFLcE4mlsixtc6/Tg=="): Text ****** has been set on object 'Object Repository/Page_OrangeHRM/input_Password_password (3)'

03-03-2024T15:00:36 - [MESSAGE][PASSED] - Text ****** has been set on object 'Object Repository/Page_OrangeHRM/input_Password_password (3)'

03-03-2024T15:00:36 - [TEST_STEP][PASSED] - click(findTestObject("Object Repository/Page_OrangeHRM/button_Login (3)")): Object: 'Object Repository/Page_OrangeHRM/button_Login (3)' is clicked on

03-03-2024T15:00:36 - [MESSAGE][PASSED] - Object: 'Object Repository/Page_OrangeHRM/button_Login (3)' is clicked on

03-03-2024T15:00:36 - [TEST_STEP][PASSED] - setText(findTestObject("Object Repository/Page_OrangeHRM/input_Username_username (3)"), "Admin"): Text 'Admin' is set on object 'Object Repository/Page_OrangeHRM/input_Username_username (3)'

03-03-2024T15:00:40 - [MESSAGE][PASSED] - Text 'Admin' is set on object 'Object Repository/Page_OrangeHRM/input_Username_username (3)'

03-03-2024T15:00:40 - [TEST_STEP][PASSED] - setEncryptedText(findTestObject("Object Repository/Page_OrangeHRM/input_Password_password (3)"), "hUKwJTbofgPU9eVlw/CnDQ=="): Text ****** has been set on object 'Object Repository/Page_OrangeHRM/input_Password_password (3)'

03-03-2024T15:00:40 - [MESSAGE][PASSED] - Text ****** has been set on object 'Object Repository/Page_OrangeHRM/input_Password_password (3)'

03-03-2024T15:00:40 - [TEST_STEP][PASSED] - click(findTestObject("Object Repository/Page_OrangeHRM/button_Login (3)")): Object: 'Object Repository/Page_OrangeHRM/button_Login (3)' is clicked on

03-03-2024T15:00:40 - [MESSAGE][PASSED] - Object: 'Object Repository/Page_OrangeHRM/button_Login (3)' is clicked on

03-03-2024T15:00:40 - [TEST_STEP][PASSED] - click(findTestObject("Object Repository/Page_OrangeHRM/span_Time")): Object: 'Object Repository/Page_OrangeHRM/span_Time' is clicked on

03-03-2024T15:00:47 - [MESSAGE][PASSED] - Object: 'Object Repository/Page_OrangeHRM/span_Time' is clicked on

03-03-2024T15:00:47 - [TEST_STEP][PASSED] - click(findTestObject("Object Repository/Page_OrangeHRM/button_View")): Object: 'Object Repository/Page_OrangeHRM/button_View' is clicked on

03-03-2024T15:00:49 - [MESSAGE][PASSED] - Object: 'Object Repository/Page_OrangeHRM/button_View' is clicked on

03-03-2024T15:00:49 - [TEST_STEP][PASSED] - verifyElementText(findTestObject("Object Repository/Page_OrangeHRM/div_Submitted"), "Submitted"): Actual text and expected text of test object 'Object Repository/Page_OrangeHRM/div_Submitted' are matched.

03-03-2024T15:00:51 - [MESSAGE][PASSED] - Actual text and expected text of test object 'Object Repository/Page_OrangeHRM/div_Submitted' are matched.

03-03-2024T15:00:51 - [TEST_STEP][PASSED] - verifyElementText(findTestObject("Object Repository/Page_OrangeHRM/div_Actions Performed on the Timesheet"), "Actions Performed on the Timesheet"): Actual text and expected text of test object 'Object Repository/Page_OrangeHRM/div_Actions Performed on the Timesheet' are matched.

03-03-2024T15:00:52 - [MESSAGE][PASSED] - Actual text and expected text of test object 'Object Repository/Page_OrangeHRM/div_Actions Performed on the Timesheet' are matched.

03-03-2024T15:00:52 - [TEST_STEP][PASSED] - closeBrowser(): Browser is closed

03-03-2024T15:00:52 - [MESSAGE][PASSED] - Browser is closed]]></system-out>
         <system-err><![CDATA[]]></system-err>
      </testcase>
      <system-out><![CDATA[03-03-2024T14:59:59 - [TEST_SUITE][PASSED] - Suite04_TimeOperation: Test Cases/TC04_TimeOperation]]></system-out>
      <system-err><![CDATA[]]></system-err>
   </testsuite>
</testsuites>
