<?xml version="1.0" encoding="UTF-8"?>
<testsuites name="Suite02_AdminOperation" time="65.507" tests="1" failures="0" errors="0">
   <testsuite name="Suite02_AdminOperation" tests="1" failures="0" errors="0" time="65.507" skipped="0" timestamp="03-03-2024T14:39:54" hostname="YH743DF - IN3106855W3.ey.net" id="Test Suites/Suite02_AdminOperation">
      <properties>
         <property name="deviceName" value=""/>
         <property name="devicePlatform" value=""/>
         <property name="logFolder" value="C:\\Users\\YH743DF\\git\\KatalonCertification03\\Reports\\20240303_143947\\Suite02_AdminOperation\\20240303_143947"/>
         <property name="logFiles" value="C:\\Users\\YH743DF\\git\\KatalonCertification03\\Reports\\20240303_143947\\Suite02_AdminOperation\\20240303_143947\\execution0.log"/>
         <property name="attachments" value=""/>
         <property name="hostName" value="YH743DF - IN3106855W3.ey.net"/>
         <property name="os" value="Windows 10 64bit"/>
         <property name="katalonVersion" value="9.3.1.212"/>
         <property name="browser" value="Edge Chromium 122"/>
         <property name="hostAddress" value="192.168.0.70"/>
         <property name="sessionId" value="4aa42fb4363519e90463c81ac0114f98"/>
         <property name="seleniumVersion" value="3.141.59"/>
         <property name="proxyInformation" value="ProxyInformation { proxyOption=NO_PROXY, proxyServerType=HTTP, username=, password=********, proxyServerAddress=, proxyServerPort=0, executionList=&quot;&quot;, isApplyToDesiredCapabilities=true }"/>
         <property name="platform" value="Windows 10"/>
      </properties>
      <testcase name="Test Cases/TC02_AdminOperation" time="65.266" classname="Test Cases/TC02_AdminOperation" status="PASSED">
         <system-out><![CDATA[03-03-2024T14:39:54 - [TEST_CASE][PASSED] - Test Cases/TC02_AdminOperation: Test Cases/TC02_AdminOperation

03-03-2024T14:39:54 - [TEST_STEP][PASSED] - openBrowser(""): Browser is opened with url: ''

03-03-2024T14:39:55 - [MESSAGE][INFO] - Starting 'Edge Chromium' driver

03-03-2024T14:39:58 - [MESSAGE][INFO] - Action delay is set to 0 milliseconds

03-03-2024T14:40:02 - [MESSAGE][PASSED] - Browser is opened with url: ''

03-03-2024T14:40:02 - [TEST_STEP][PASSED] - navigateToUrl("https://opensource-demo.orangehrmlive.com/web/index.php/auth/login"): Navigate to 'https://opensource-demo.orangehrmlive.com/web/index.php/auth/login' successfully

03-03-2024T14:40:32 - [MESSAGE][PASSED] - Navigate to 'https://opensource-demo.orangehrmlive.com/web/index.php/auth/login' successfully

03-03-2024T14:40:32 - [TEST_STEP][PASSED] - click(findTestObject("Object Repository/Page_OrangeHRM/input_Username_username (1)")): Object: 'Object Repository/Page_OrangeHRM/input_Username_username (1)' is clicked on

03-03-2024T14:40:34 - [MESSAGE][PASSED] - Object: 'Object Repository/Page_OrangeHRM/input_Username_username (1)' is clicked on

03-03-2024T14:40:34 - [TEST_STEP][PASSED] - setText(findTestObject("Object Repository/Page_OrangeHRM/input_Username_username (1)"), "Admin"): Text 'Admin' is set on object 'Object Repository/Page_OrangeHRM/input_Username_username (1)'

03-03-2024T14:40:34 - [MESSAGE][PASSED] - Text 'Admin' is set on object 'Object Repository/Page_OrangeHRM/input_Username_username (1)'

03-03-2024T14:40:34 - [TEST_STEP][PASSED] - setEncryptedText(findTestObject("Object Repository/Page_OrangeHRM/input_Password_password (1)"), "hUKwJTbofgPU9eVlw/CnDQ=="): Text ****** has been set on object 'Object Repository/Page_OrangeHRM/input_Password_password (1)'

03-03-2024T14:40:35 - [MESSAGE][PASSED] - Text ****** has been set on object 'Object Repository/Page_OrangeHRM/input_Password_password (1)'

03-03-2024T14:40:35 - [TEST_STEP][PASSED] - click(findTestObject("Object Repository/Page_OrangeHRM/button_Login (1)")): Object: 'Object Repository/Page_OrangeHRM/button_Login (1)' is clicked on

03-03-2024T14:40:35 - [MESSAGE][PASSED] - Object: 'Object Repository/Page_OrangeHRM/button_Login (1)' is clicked on

03-03-2024T14:40:35 - [TEST_STEP][PASSED] - click(findTestObject("Object Repository/Page_OrangeHRM/span_Admin")): Object: 'Object Repository/Page_OrangeHRM/span_Admin' is clicked on

03-03-2024T14:40:47 - [MESSAGE][PASSED] - Object: 'Object Repository/Page_OrangeHRM/span_Admin' is clicked on

03-03-2024T14:40:47 - [TEST_STEP][PASSED] - click(findTestObject("Object Repository/Page_OrangeHRM/i_Enabled_oxd-icon bi-pencil-fill")): Object: 'Object Repository/Page_OrangeHRM/i_Enabled_oxd-icon bi-pencil-fill' is clicked on

03-03-2024T14:40:55 - [MESSAGE][PASSED] - Object: 'Object Repository/Page_OrangeHRM/i_Enabled_oxd-icon bi-pencil-fill' is clicked on

03-03-2024T14:40:55 - [TEST_STEP][PASSED] - click(findTestObject("Object Repository/Page_OrangeHRM/i_Enabled_oxd-icon bi-caret-up-fill oxd-sel_d51e69")): Object: 'Object Repository/Page_OrangeHRM/i_Enabled_oxd-icon bi-caret-up-fill oxd-sel_d51e69' is clicked on

03-03-2024T14:40:57 - [MESSAGE][PASSED] - Object: 'Object Repository/Page_OrangeHRM/i_Enabled_oxd-icon bi-caret-up-fill oxd-sel_d51e69' is clicked on

03-03-2024T14:40:57 - [TEST_STEP][PASSED] - click(findTestObject("Object Repository/Page_OrangeHRM/div_Required Cancel  Save")): Object: 'Object Repository/Page_OrangeHRM/div_Required Cancel  Save' is clicked on

03-03-2024T14:40:58 - [MESSAGE][PASSED] - Object: 'Object Repository/Page_OrangeHRM/div_Required Cancel  Save' is clicked on

03-03-2024T14:40:58 - [TEST_STEP][PASSED] - click(findTestObject("Object Repository/Page_OrangeHRM/div_Required Cancel  Save")): Object: 'Object Repository/Page_OrangeHRM/div_Required Cancel  Save' is clicked on

03-03-2024T14:40:58 - [MESSAGE][PASSED] - Object: 'Object Repository/Page_OrangeHRM/div_Required Cancel  Save' is clicked on

03-03-2024T14:40:58 - [TEST_STEP][PASSED] - click(findTestObject("Object Repository/Page_OrangeHRM/button_Save")): Object: 'Object Repository/Page_OrangeHRM/button_Save' is clicked on

03-03-2024T14:40:59 - [MESSAGE][PASSED] - Object: 'Object Repository/Page_OrangeHRM/button_Save' is clicked on

03-03-2024T14:40:59 - [TEST_STEP][PASSED] - closeBrowser(): Browser is closed

03-03-2024T14:40:59 - [MESSAGE][PASSED] - Browser is closed]]></system-out>
         <system-err><![CDATA[]]></system-err>
      </testcase>
      <system-out><![CDATA[03-03-2024T14:39:54 - [TEST_SUITE][PASSED] - Suite02_AdminOperation: Test Cases/TC02_AdminOperation]]></system-out>
      <system-err><![CDATA[]]></system-err>
   </testsuite>
</testsuites>
